Log file open, 12/19/19 18:11:07
LogWindows: Failed to load 'aqProf.dll' (GetLastError=126)
LogWindows: File 'aqProf.dll' does not exist
LogWindows: Failed to load 'VtuneApi.dll' (GetLastError=126)
LogWindows: File 'VtuneApi.dll' does not exist
LogWindows: Failed to load 'VtuneApi32e.dll' (GetLastError=126)
LogWindows: File 'VtuneApi32e.dll' does not exist
LogConsoleResponse: Display: Failed to find resolution value strings in scalability ini. Falling back to default.
LogInit: Display: Running engine for game: UE_FightyTanks
LogPakFile: Registered encryption key '00000000000000000000000000000000': 0 pak files mounted, 0 remain pending
LogPlatformFile: Not using cached read wrapper
LogTaskGraph: Started task graph with 5 named threads and 23 total threads with 3 sets of task threads.
LogStats: Stats thread started at 0.432879
LogD3D11RHI: Loaded GFSDK_Aftermath_Lib.x64.dll
LogICUInternationalization: ICU TimeZone Detection - Raw Offset: -5:00, Platform Override: ''
LogPluginManager: Mounting plugin Paper2D
LogPluginManager: Mounting plugin AISupport
LogPluginManager: Mounting plugin LightPropagationVolume
LogPluginManager: Mounting plugin ActorLayerUtilities
LogPluginManager: Mounting plugin AnimationSharing
LogPluginManager: Mounting plugin CLionSourceCodeAccess
LogPluginManager: Mounting plugin CodeLiteSourceCodeAccess
LogPluginManager: Mounting plugin GitSourceControl
LogPluginManager: Mounting plugin KDevelopSourceCodeAccess
LogPluginManager: Mounting plugin NullSourceCodeAccess
LogPluginManager: Mounting plugin PerforceSourceControl
LogPluginManager: Mounting plugin SubversionSourceControl
LogPluginManager: Mounting plugin UObjectPlugin
LogPluginManager: Mounting plugin VisualStudioCodeSourceCodeAccess
LogPluginManager: Mounting plugin VisualStudioSourceCodeAccess
LogPluginManager: Mounting plugin XCodeSourceCodeAccess
LogPluginManager: Mounting plugin AssetManagerEditor
LogPluginManager: Mounting plugin CryptoKeys
LogPluginManager: Mounting plugin DataValidation
LogPluginManager: Mounting plugin FacialAnimation
LogPluginManager: Mounting plugin GameplayTagsEditor
LogPluginManager: Mounting plugin MacGraphicsSwitching
LogPluginManager: Mounting plugin MaterialAnalyzer
LogPluginManager: Mounting plugin MobileLauncherProfileWizard
LogPluginManager: Mounting plugin PluginBrowser
LogPluginManager: Mounting plugin SpeedTreeImporter
LogPluginManager: Mounting plugin DatasmithContent
LogPluginManager: Mounting plugin VariantManagerContent
LogPluginManager: Mounting plugin AlembicImporter
LogPluginManager: Mounting plugin AppleImageUtils
LogPluginManager: Mounting plugin AppleVision
LogPluginManager: Mounting plugin BackChannel
LogPluginManager: Mounting plugin CharacterAI
LogPluginManager: Mounting plugin GeometryCache
LogPluginManager: Mounting plugin HTML5Networking
LogPluginManager: Mounting plugin ProxyLODPlugin
LogPluginManager: Mounting plugin SkeletalReduction
LogPluginManager: Mounting plugin MagicLeap
LogPluginManager: Mounting plugin MagicLeapMedia
LogPluginManager: Mounting plugin AndroidMedia
LogPluginManager: Mounting plugin AvfMedia
LogPluginManager: Mounting plugin ImgMedia
LogPluginManager: Mounting plugin LinearTimecode
LogPluginManager: Mounting plugin MediaCompositing
LogPluginManager: Mounting plugin MediaPlayerEditor
LogPluginManager: Mounting plugin WebMMedia
LogPluginManager: Mounting plugin WmfMedia
LogPluginManager: Mounting plugin TcpMessaging
LogPluginManager: Mounting plugin UdpMessaging
LogPluginManager: Mounting plugin ActorSequence
LogPluginManager: Mounting plugin LevelSequenceEditor
LogPluginManager: Mounting plugin MatineeToLevelSequence
LogPluginManager: Mounting plugin NetcodeUnitTest
LogPluginManager: Mounting plugin NUTUnrealEngine4
LogPluginManager: Mounting plugin OnlineSubsystemGooglePlay
LogPluginManager: Mounting plugin OnlineSubsystemIOS
LogPluginManager: Mounting plugin OnlineSubsystem
LogPluginManager: Mounting plugin OnlineSubsystemNull
LogPluginManager: Mounting plugin OnlineSubsystemUtils
LogPluginManager: Mounting plugin LauncherChunkInstaller
LogPluginManager: Mounting plugin AndroidDeviceProfileSelector
LogPluginManager: Mounting plugin AndroidMoviePlayer
LogPluginManager: Mounting plugin AndroidPermission
LogPluginManager: Mounting plugin AppleMoviePlayer
LogPluginManager: Mounting plugin ArchVisCharacter
LogPluginManager: Mounting plugin AudioCapture
LogPluginManager: Mounting plugin CableComponent
LogPluginManager: Mounting plugin CustomMeshComponent
LogPluginManager: Mounting plugin EditableMesh
LogPluginManager: Mounting plugin ExampleDeviceProfileSelector
LogPluginManager: Mounting plugin Firebase
LogPluginManager: Mounting plugin GoogleCloudMessaging
LogPluginManager: Mounting plugin IOSDeviceProfileSelector
LogPluginManager: Mounting plugin LinuxDeviceProfileSelector
LogPluginManager: Mounting plugin LocationServicesBPLibrary
LogPluginManager: Mounting plugin MobilePatchingUtils
LogPluginManager: Mounting plugin OculusVR
LogPluginManager: Mounting plugin PhysXVehicles
LogPluginManager: Mounting plugin ProceduralMeshComponent
LogPluginManager: Mounting plugin RuntimePhysXCooking
LogPluginManager: Mounting plugin SignificanceManager
LogPluginManager: Mounting plugin SteamVR
LogPluginManager: Mounting plugin WebMMoviePlayer
LogPluginManager: Mounting plugin WindowsMoviePlayer
LogInit: Using libcurl 7.55.1-DEV
LogInit:  - built for x86_64-pc-win32
LogInit:  - supports SSL with OpenSSL/1.1.1
LogInit:  - supports HTTP deflate (compression) using libz 1.2.8
LogInit:  - other features:
LogInit:      CURL_VERSION_SSL
LogInit:      CURL_VERSION_LIBZ
LogInit:      CURL_VERSION_IPV6
LogInit:      CURL_VERSION_ASYNCHDNS
LogInit:      CURL_VERSION_LARGEFILE
LogInit:      CURL_VERSION_IDN
LogInit:  CurlRequestOptions (configurable via config and command line):
LogInit:  - bVerifyPeer = true  - Libcurl will verify peer certificate
LogInit:  - bUseHttpProxy = false  - Libcurl will NOT use HTTP proxy
LogInit:  - bDontReuseConnections = false  - Libcurl will reuse connections
LogInit:  - MaxHostConnections = 16  - Libcurl will limit the number of connections to a host
LogInit:  - LocalHostAddr = Default
LogInit:  - BufferSize = 65536
LogInit: WinSock: version 1.1 (2.2), MaxSocks=32767, MaxUdp=65467
LogInit: Build: ++UE4+Release-4.22-CL-7053642
LogInit: Engine Version: 4.22.3-7053642+++UE4+Release-4.22
LogInit: Compatible Engine Version: 4.22.0-5660361+++UE4+Release-4.22
LogInit: Net CL: 5660361
LogInit: OS: Windows 10 (Release 1903) (), CPU: Intel(R) Core(TM) i7-7700HQ CPU @ 2.80GHz, GPU: Intel(R) HD Graphics 630
LogInit: Compiled (64-bit): Jun 18 2019 03:09:11
LogInit: Compiled with Visual C++: 19.16.27025.01
LogInit: Build Configuration: Development
LogInit: Branch Name: ++UE4+Release-4.22
LogInit: Command Line: 
LogInit: Base Directory: C:/Program Files/Epic Games/UE_4.22/Engine/Binaries/Win64/
LogInit: Installed Engine Build: 1
LogDevObjectVersion: Number of dev versions registered: 23
LogDevObjectVersion:   Dev-Blueprints (B0D832E4-1F89-4F0D-ACCF-7EB736FD4AA2): 10
LogDevObjectVersion:   Dev-Build (E1C64328-A22C-4D53-A36C-8E866417BD8C): 0
LogDevObjectVersion:   Dev-Core (375EC13C-06E4-48FB-B500-84F0262A717E): 3
LogDevObjectVersion:   Dev-Editor (E4B068ED-F494-42E9-A231-DA0B2E46BB41): 30
LogDevObjectVersion:   Dev-Framework (CFFC743F-43B0-4480-9391-14DF171D2073): 35
LogDevObjectVersion:   Dev-Mobile (B02B49B5-BB20-44E9-A304-32B752E40360): 2
LogDevObjectVersion:   Dev-Networking (A4E4105C-59A1-49B5-A7C5-40C4547EDFEE): 0
LogDevObjectVersion:   Dev-Online (39C831C9-5AE6-47DC-9A44-9C173E1C8E7C): 0
LogDevObjectVersion:   Dev-Physics (78F01B33-EBEA-4F98-B9B4-84EACCB95AA2): 0
LogDevObjectVersion:   Dev-Platform (6631380F-2D4D-43E0-8009-CF276956A95A): 0
LogDevObjectVersion:   Dev-Rendering (12F88B9F-8875-4AFC-A67C-D90C383ABD29): 28
LogDevObjectVersion:   Dev-Sequencer (7B5AE74C-D270-4C10-A958-57980B212A5A): 11
LogDevObjectVersion:   Dev-VR (D7296918-1DD6-4BDD-9DE2-64A83CC13884): 2
LogDevObjectVersion:   Dev-LoadTimes (C2A15278-BFE7-4AFE-6C17-90FF531DF755): 1
LogDevObjectVersion:   Private-Geometry (6EACA3D4-40EC-4CC1-B786-8BED09428FC5): 3
LogDevObjectVersion:   Dev-AnimPhys (29E575DD-E0A3-4627-9D10-D276232CDCEA): 17
LogDevObjectVersion:   Dev-Anim (AF43A65D-7FD3-4947-9873-3E8ED9C1BB05): 2
LogDevObjectVersion:   Dev-ReflectionCapture (6B266CEC-1EC7-4B8F-A30B-E4D90942FC07): 1
LogDevObjectVersion:   Dev-Automation (0DF73D61-A23F-47EA-B727-89E90C41499A): 1
LogDevObjectVersion:   FortniteMain (601D1886-AC64-4F84-AA16-D3DE0DEAC7D6): 25
LogDevObjectVersion:   Dev-Enterprise (9DFFBCD6-494F-0158-E221-12823C92A888): 6
LogDevObjectVersion:   Dev-Niagara (F2AED0AC-9AFE-416F-8664-AA7FFA26D6FC): 1
LogDevObjectVersion:   Dev-Destruction (174F1F0B-B4C6-45A5-B13F-2EE8D0FB917D): 2
LogInit: Presizing for max 16777216 objects, including 0 objects not considered by GC, pre-allocating 0 bytes for permanent pool.
LogInit: Object subsystem initialized
LogConfig: Setting CVar [[con.DebugEarlyDefault:1]]
LogConfig: Setting CVar [[r.setres:1280x720]]
[2019.12.19-23.11.11:399][  0]LogConfig: Setting CVar [[r.VSync:0]]
[2019.12.19-23.11.11:399][  0]LogConfig: Setting CVar [[r.RHICmdBypass:0]]
[2019.12.19-23.11.11:400][  0]LogConfig: Applying CVar settings from Section [/Script/Engine.RendererSettings] File [C:/Users/NateH/Documents/Repos/FightyTanks/UE_FightyTanks/Saved/Config/Windows/Engine.ini]
[2019.12.19-23.11.11:400][  0]LogConfig: Setting CVar [[r.GPUCrashDebugging:0]]
[2019.12.19-23.11.11:400][  0]LogConfig: Setting CVar [[r.DefaultFeature.AutoExposure.ExtendDefaultLuminanceRange:1]]
[2019.12.19-23.11.11:400][  0]LogConfig: Applying CVar settings from Section [/Script/Engine.RendererOverrideSettings] File [C:/Users/NateH/Documents/Repos/FightyTanks/UE_FightyTanks/Saved/Config/Windows/Engine.ini]
[2019.12.19-23.11.11:400][  0]LogConfig: Applying CVar settings from Section [/Script/Engine.StreamingSettings] File [C:/Users/NateH/Documents/Repos/FightyTanks/UE_FightyTanks/Saved/Config/Windows/Engine.ini]
[2019.12.19-23.11.11:400][  0]LogConfig: Setting CVar [[s.MinBulkDataSizeForAsyncLoading:131072]]
[2019.12.19-23.11.11:400][  0]LogConfig: Setting CVar [[s.AsyncLoadingThreadEnabled:0]]
[2019.12.19-23.11.11:400][  0]LogConfig: Setting CVar [[s.EventDrivenLoaderEnabled:1]]
[2019.12.19-23.11.11:400][  0]LogConfig: Setting CVar [[s.WarnIfTimeLimitExceeded:0]]
[2019.12.19-23.11.11:400][  0]LogConfig: Setting CVar [[s.TimeLimitExceededMultiplier:1.5]]
[2019.12.19-23.11.11:400][  0]LogConfig: Setting CVar [[s.TimeLimitExceededMinTime:0.005]]
[2019.12.19-23.11.11:400][  0]LogConfig: Setting CVar [[s.UseBackgroundLevelStreaming:1]]
[2019.12.19-23.11.11:400][  0]LogConfig: Setting CVar [[s.PriorityAsyncLoadingExtraTime:15.0]]
[2019.12.19-23.11.11:400][  0]LogConfig: Setting CVar [[s.LevelStreamingActorsUpdateTimeLimit:5.0]]
[2019.12.19-23.11.11:400][  0]LogConfig: Setting CVar [[s.PriorityLevelStreamingActorsUpdateExtraTime:5.0]]
[2019.12.19-23.11.11:400][  0]LogConfig: Setting CVar [[s.LevelStreamingComponentsRegistrationGranularity:10]]
[2019.12.19-23.11.11:400][  0]LogConfig: Setting CVar [[s.UnregisterComponentsTimeLimit:1.0]]
[2019.12.19-23.11.11:400][  0]LogConfig: Setting CVar [[s.LevelStreamingComponentsUnregistrationGranularity:5]]
[2019.12.19-23.11.11:400][  0]LogConfig: Applying CVar settings from Section [/Script/Engine.GarbageCollectionSettings] File [C:/Users/NateH/Documents/Repos/FightyTanks/UE_FightyTanks/Saved/Config/Windows/Engine.ini]
[2019.12.19-23.11.11:400][  0]LogConfig: Setting CVar [[gc.MaxObjectsNotConsideredByGC:1]]
[2019.12.19-23.11.11:400][  0]LogConfig: Setting CVar [[gc.SizeOfPermanentObjectPool:0]]
[2019.12.19-23.11.11:400][  0]LogConfig: Setting CVar [[gc.FlushStreamingOnGC:0]]
[2019.12.19-23.11.11:400][  0]LogConfig: Setting CVar [[gc.NumRetriesBeforeForcingGC:10]]
[2019.12.19-23.11.11:400][  0]LogConfig: Setting CVar [[gc.AllowParallelGC:1]]
[2019.12.19-23.11.11:400][  0]LogConfig: Setting CVar [[gc.TimeBetweenPurgingPendingKillObjects:61.1]]
[2019.12.19-23.11.11:400][  0]LogConfig: Setting CVar [[gc.MaxObjectsInEditor:16777216]]
[2019.12.19-23.11.11:400][  0]LogConfig: Setting CVar [[gc.IncrementalBeginDestroyEnabled:1]]
[2019.12.19-23.11.11:400][  0]LogConfig: Setting CVar [[gc.CreateGCClusters:1]]
[2019.12.19-23.11.11:400][  0]LogConfig: Setting CVar [[gc.MinGCClusterSize:5]]
[2019.12.19-23.11.11:400][  0]LogConfig: Setting CVar [[gc.ActorClusteringEnabled:0]]
[2019.12.19-23.11.11:400][  0]LogConfig: Setting CVar [[gc.BlueprintClusteringEnabled:0]]
[2019.12.19-23.11.11:400][  0]LogConfig: Setting CVar [[gc.UseDisregardForGCOnDedicatedServers:0]]
[2019.12.19-23.11.11:400][  0]LogConfig: Applying CVar settings from Section [/Script/Engine.NetworkSettings] File [C:/Users/NateH/Documents/Repos/FightyTanks/UE_FightyTanks/Saved/Config/Windows/Engine.ini]
[2019.12.19-23.11.11:400][  0]LogConfig: Applying CVar settings from Section [/Script/UnrealEd.CookerSettings] File [C:/Users/NateH/Documents/Repos/FightyTanks/UE_FightyTanks/Saved/Config/Windows/Engine.ini]
[2019.12.19-23.11.11:449][  0]LogConfig: Applying CVar settings from Section [ViewDistanceQuality@3] File [C:/Users/NateH/Documents/Repos/FightyTanks/UE_FightyTanks/Saved/Config/Windows/Scalability.ini]
[2019.12.19-23.11.11:449][  0]LogConfig: Setting CVar [[r.SkeletalMeshLODBias:0]]
[2019.12.19-23.11.11:449][  0]LogConfig: Setting CVar [[r.ViewDistanceScale:1.0]]
[2019.12.19-23.11.11:449][  0]LogConfig: Applying CVar settings from Section [AntiAliasingQuality@3] File [C:/Users/NateH/Documents/Repos/FightyTanks/UE_FightyTanks/Saved/Config/Windows/Scalability.ini]
[2019.12.19-23.11.11:449][  0]LogConfig: Setting CVar [[r.PostProcessAAQuality:4]]
[2019.12.19-23.11.11:449][  0]LogConfig: Applying CVar settings from Section [ShadowQuality@3] File [C:/Users/NateH/Documents/Repos/FightyTanks/UE_FightyTanks/Saved/Config/Windows/Scalability.ini]
[2019.12.19-23.11.11:449][  0]LogConfig: Setting CVar [[r.LightFunctionQuality:1]]
[2019.12.19-23.11.11:449][  0]LogConfig: Setting CVar [[r.ShadowQuality:5]]
[2019.12.19-23.11.11:449][  0]LogConfig: Setting CVar [[r.Shadow.CSM.MaxCascades:10]]
[2019.12.19-23.11.11:449][  0]LogConfig: Setting CVar [[r.Shadow.MaxResolution:2048]]
[2019.12.19-23.11.11:449][  0]LogConfig: Setting CVar [[r.Shadow.MaxCSMResolution:2048]]
[2019.12.19-23.11.11:449][  0]LogConfig: Setting CVar [[r.Shadow.RadiusThreshold:0.01]]
[2019.12.19-23.11.11:449][  0]LogConfig: Setting CVar [[r.Shadow.DistanceScale:1.0]]
[2019.12.19-23.11.11:449][  0]LogConfig: Setting CVar [[r.Shadow.CSM.TransitionScale:1.0]]
[2019.12.19-23.11.11:449][  0]LogConfig: Setting CVar [[r.Shadow.PreShadowResolutionFactor:1.0]]
[2019.12.19-23.11.11:449][  0]LogConfig: Setting CVar [[r.DistanceFieldShadowing:1]]
[2019.12.19-23.11.11:449][  0]LogConfig: Setting CVar [[r.DistanceFieldAO:1]]
[2019.12.19-23.11.11:449][  0]LogConfig: Setting CVar [[r.AOQuality:2]]
[2019.12.19-23.11.11:449][  0]LogConfig: Setting CVar [[r.VolumetricFog:1]]
[2019.12.19-23.11.11:449][  0]LogConfig: Setting CVar [[r.VolumetricFog.GridPixelSize:8]]
[2019.12.19-23.11.11:449][  0]LogConfig: Setting CVar [[r.VolumetricFog.GridSizeZ:128]]
[2019.12.19-23.11.11:449][  0]LogConfig: Setting CVar [[r.VolumetricFog.HistoryMissSupersampleCount:4]]
[2019.12.19-23.11.11:449][  0]LogConfig: Setting CVar [[r.LightMaxDrawDistanceScale:1]]
[2019.12.19-23.11.11:449][  0]LogConfig: Setting CVar [[r.CapsuleShadows:1]]
[2019.12.19-23.11.11:449][  0]LogConfig: Applying CVar settings from Section [PostProcessQuality@3] File [C:/Users/NateH/Documents/Repos/FightyTanks/UE_FightyTanks/Saved/Config/Windows/Scalability.ini]
[2019.12.19-23.11.11:449][  0]LogConfig: Setting CVar [[r.MotionBlurQuality:4]]
[2019.12.19-23.11.11:449][  0]LogConfig: Setting CVar [[r.AmbientOcclusionMipLevelFactor:0.4]]
[2019.12.19-23.11.11:450][  0]LogConfig: Setting CVar [[r.AmbientOcclusionMaxQuality:100]]
[2019.12.19-23.11.11:450][  0]LogConfig: Setting CVar [[r.AmbientOcclusionLevels:-1]]
[2019.12.19-23.11.11:450][  0]LogConfig: Setting CVar [[r.AmbientOcclusionRadiusScale:1.0]]
[2019.12.19-23.11.11:450][  0]LogConfig: Setting CVar [[r.DepthOfFieldQuality:2]]
[2019.12.19-23.11.11:450][  0]LogConfig: Setting CVar [[r.RenderTargetPoolMin:400]]
[2019.12.19-23.11.11:450][  0]LogConfig: Setting CVar [[r.LensFlareQuality:2]]
[2019.12.19-23.11.11:450][  0]LogConfig: Setting CVar [[r.SceneColorFringeQuality:1]]
[2019.12.19-23.11.11:450][  0]LogConfig: Setting CVar [[r.EyeAdaptationQuality:2]]
[2019.12.19-23.11.11:450][  0]LogConfig: Setting CVar [[r.BloomQuality:5]]
[2019.12.19-23.11.11:450][  0]LogConfig: Setting CVar [[r.FastBlurThreshold:100]]
[2019.12.19-23.11.11:450][  0]LogConfig: Setting CVar [[r.Upscale.Quality:3]]
[2019.12.19-23.11.11:450][  0]LogConfig: Setting CVar [[r.Tonemapper.GrainQuantization:1]]
[2019.12.19-23.11.11:450][  0]LogConfig: Setting CVar [[r.LightShaftQuality:1]]
[2019.12.19-23.11.11:450][  0]LogConfig: Setting CVar [[r.Filter.SizeScale:1]]
[2019.12.19-23.11.11:450][  0]LogConfig: Setting CVar [[r.Tonemapper.Quality:5]]
[2019.12.19-23.11.11:450][  0]LogConfig: Setting CVar [[r.DOF.Gather.AccumulatorQuality:1        ; higher gathering accumulator quality]]
[2019.12.19-23.11.11:450][  0]LogConfig: Setting CVar [[r.DOF.Gather.PostfilterMethod:1          ; Median3x3 postfilering method]]
[2019.12.19-23.11.11:450][  0]LogConfig: Setting CVar [[r.DOF.Gather.EnableBokehSettings:0       ; no bokeh simulation when gathering]]
[2019.12.19-23.11.11:450][  0]LogConfig: Setting CVar [[r.DOF.Gather.RingCount:4                 ; medium number of samples when gathering]]
[2019.12.19-23.11.11:450][  0]LogConfig: Setting CVar [[r.DOF.Scatter.ForegroundCompositing:1    ; additive foreground scattering]]
[2019.12.19-23.11.11:450][  0]LogConfig: Setting CVar [[r.DOF.Scatter.BackgroundCompositing:2    ; additive background scattering]]
[2019.12.19-23.11.11:450][  0]LogConfig: Setting CVar [[r.DOF.Scatter.EnableBokehSettings:1      ; bokeh simulation when scattering]]
[2019.12.19-23.11.11:450][  0]LogConfig: Setting CVar [[r.DOF.Scatter.MaxSpriteRatio:0.1         ; only a maximum of 10% of scattered bokeh]]
[2019.12.19-23.11.11:450][  0]LogConfig: Setting CVar [[r.DOF.Recombine.Quality:1                ; cheap slight out of focus]]
[2019.12.19-23.11.11:450][  0]LogConfig: Setting CVar [[r.DOF.Recombine.EnableBokehSettings:0    ; no bokeh simulation on slight out of focus]]
[2019.12.19-23.11.11:450][  0]LogConfig: Setting CVar [[r.DOF.TemporalAAQuality:1                ; more stable temporal accumulation]]
[2019.12.19-23.11.11:450][  0]LogConfig: Setting CVar [[r.DOF.Kernel.MaxForegroundRadius:0.025]]
[2019.12.19-23.11.11:450][  0]LogConfig: Setting CVar [[r.DOF.Kernel.MaxBackgroundRadius:0.025]]
[2019.12.19-23.11.11:450][  0]LogConfig: Applying CVar settings from Section [TextureQuality@3] File [C:/Users/NateH/Documents/Repos/FightyTanks/UE_FightyTanks/Saved/Config/Windows/Scalability.ini]
[2019.12.19-23.11.11:450][  0]LogConfig: Setting CVar [[r.Streaming.MipBias:0]]
[2019.12.19-23.11.11:450][  0]LogConfig: Setting CVar [[r.Streaming.AmortizeCPUToGPUCopy:0]]
[2019.12.19-23.11.11:450][  0]LogConfig: Setting CVar [[r.Streaming.MaxNumTexturesToStreamPerFrame:0]]
[2019.12.19-23.11.11:450][  0]LogConfig: Setting CVar [[r.Streaming.Boost:1]]
[2019.12.19-23.11.11:450][  0]LogConfig: Setting CVar [[r.MaxAnisotropy:8]]
[2019.12.19-23.11.11:450][  0]LogConfig: Setting CVar [[r.Streaming.LimitPoolSizeToVRAM:0]]
[2019.12.19-23.11.11:450][  0]LogConfig: Setting CVar [[r.Streaming.PoolSize:1000]]
[2019.12.19-23.11.11:450][  0]LogConfig: Setting CVar [[r.Streaming.MaxEffectiveScreenSize:0]]
[2019.12.19-23.11.11:450][  0]LogConfig: Applying CVar settings from Section [EffectsQuality@3] File [C:/Users/NateH/Documents/Repos/FightyTanks/UE_FightyTanks/Saved/Config/Windows/Scalability.ini]
[2019.12.19-23.11.11:450][  0]LogConfig: Setting CVar [[r.TranslucencyLightingVolumeDim:64]]
[2019.12.19-23.11.11:450][  0]LogConfig: Setting CVar [[r.RefractionQuality:2]]
[2019.12.19-23.11.11:450][  0]LogConfig: Setting CVar [[r.SSR.Quality:3]]
[2019.12.19-23.11.11:450][  0]LogConfig: Setting CVar [[r.SceneColorFormat:4]]
[2019.12.19-23.11.11:450][  0]LogConfig: Setting CVar [[r.DetailMode:2]]
[2019.12.19-23.11.11:450][  0]LogConfig: Setting CVar [[r.TranslucencyVolumeBlur:1]]
[2019.12.19-23.11.11:450][  0]LogConfig: Setting CVar [[r.MaterialQualityLevel:1 ; High quality]]
[2019.12.19-23.11.11:450][  0]LogConfig: Setting CVar [[r.SSS.Scale:1]]
[2019.12.19-23.11.11:450][  0]LogConfig: Setting CVar [[r.SSS.SampleSet:2]]
[2019.12.19-23.11.11:450][  0]LogConfig: Setting CVar [[r.SSS.Quality:1]]
[2019.12.19-23.11.11:450][  0]LogConfig: Setting CVar [[r.SSS.HalfRes:1]]
[2019.12.19-23.11.11:450][  0]LogConfig: Setting CVar [[r.EmitterSpawnRateScale:1.0]]
[2019.12.19-23.11.11:450][  0]LogConfig: Setting CVar [[r.ParticleLightQuality:2]]
[2019.12.19-23.11.11:450][  0]LogConfig: Applying CVar settings from Section [FoliageQuality@3] File [C:/Users/NateH/Documents/Repos/FightyTanks/UE_FightyTanks/Saved/Config/Windows/Scalability.ini]
[2019.12.19-23.11.11:450][  0]LogConfig: Setting CVar [[foliage.DensityScale:1.0]]
[2019.12.19-23.11.11:450][  0]LogConfig: Setting CVar [[grass.DensityScale:1.0]]
[2019.12.19-23.11.11:458][  0]LogInit: Selected Device Profile: [Windows]
[2019.12.19-23.11.11:458][  0]LogInit: Applying CVar settings loaded from the selected device profile: [Windows]
[2019.12.19-23.11.11:636][  0]LogHAL: Display: Platform has ~ 12 GB [12764549120 / 17179869184 / 12], which maps to Larger [LargestMinGB=32, LargerMinGB=12, DefaultMinGB=8, SmallerMinGB=6, SmallestMinGB=0)
[2019.12.19-23.11.11:636][  0]LogConfig: Setting CVar [[r.Vulkan.UseRealUBs:0		; Required until we fix HLR fall-out]]
[2019.12.19-23.11.11:636][  0]LogInit: Going up to parent DeviceProfile []
[2019.12.19-23.11.11:637][  0]LogConfig: Applying CVar settings from Section [ViewDistanceQuality@1] File [C:/Users/NateH/Documents/Repos/FightyTanks/UE_FightyTanks/Saved/Config/Windows/Scalability.ini]
[2019.12.19-23.11.11:637][  0]LogConfig: Setting CVar [[r.SkeletalMeshLODBias:1]]
[2019.12.19-23.11.11:637][  0]LogConfig: Setting CVar [[r.ViewDistanceScale:0.6]]
[2019.12.19-23.11.11:637][  0]LogConfig: Applying CVar settings from Section [AntiAliasingQuality@1] File [C:/Users/NateH/Documents/Repos/FightyTanks/UE_FightyTanks/Saved/Config/Windows/Scalability.ini]
[2019.12.19-23.11.11:637][  0]LogConfig: Setting CVar [[r.PostProcessAAQuality:2]]
[2019.12.19-23.11.11:637][  0]LogConfig: Applying CVar settings from Section [ShadowQuality@1] File [C:/Users/NateH/Documents/Repos/FightyTanks/UE_FightyTanks/Saved/Config/Windows/Scalability.ini]
[2019.12.19-23.11.11:637][  0]LogConfig: Setting CVar [[r.LightFunctionQuality:1]]
[2019.12.19-23.11.11:637][  0]LogConfig: Setting CVar [[r.ShadowQuality:3]]
[2019.12.19-23.11.11:637][  0]LogConfig: Setting CVar [[r.Shadow.CSM.MaxCascades:1]]
[2019.12.19-23.11.11:637][  0]LogConfig: Setting CVar [[r.Shadow.MaxResolution:1024]]
[2019.12.19-23.11.11:637][  0]LogConfig: Setting CVar [[r.Shadow.MaxCSMResolution:1024]]
[2019.12.19-23.11.11:637][  0]LogConfig: Setting CVar [[r.Shadow.RadiusThreshold:0.05]]
[2019.12.19-23.11.11:637][  0]LogConfig: Setting CVar [[r.Shadow.DistanceScale:0.7]]
[2019.12.19-23.11.11:637][  0]LogConfig: Setting CVar [[r.Shadow.CSM.TransitionScale:0.25]]
[2019.12.19-23.11.11:637][  0]LogConfig: Setting CVar [[r.Shadow.PreShadowResolutionFactor:0.5]]
[2019.12.19-23.11.11:637][  0]LogConfig: Setting CVar [[r.DistanceFieldShadowing:0]]
[2019.12.19-23.11.11:637][  0]LogConfig: Setting CVar [[r.DistanceFieldAO:0]]
[2019.12.19-23.11.11:637][  0]LogConfig: Setting CVar [[r.VolumetricFog:0]]
[2019.12.19-23.11.11:637][  0]LogConfig: Setting CVar [[r.LightMaxDrawDistanceScale:.5]]
[2019.12.19-23.11.11:637][  0]LogConfig: Setting CVar [[r.CapsuleShadows:1]]
[2019.12.19-23.11.11:637][  0]LogConfig: Applying CVar settings from Section [PostProcessQuality@1] File [C:/Users/NateH/Documents/Repos/FightyTanks/UE_FightyTanks/Saved/Config/Windows/Scalability.ini]
[2019.12.19-23.11.11:637][  0]LogConfig: Setting CVar [[r.MotionBlurQuality:3]]
[2019.12.19-23.11.11:637][  0]LogConfig: Setting CVar [[r.AmbientOcclusionMipLevelFactor:1.0]]
[2019.12.19-23.11.11:637][  0]LogConfig: Setting CVar [[r.AmbientOcclusionMaxQuality:60]]
[2019.12.19-23.11.11:637][  0]LogConfig: Setting CVar [[r.AmbientOcclusionLevels:-1]]
[2019.12.19-23.11.11:637][  0]LogConfig: Setting CVar [[r.AmbientOcclusionRadiusScale:1.5]]
[2019.12.19-23.11.11:637][  0]LogConfig: Setting CVar [[r.DepthOfFieldQuality:1]]
[2019.12.19-23.11.11:637][  0]LogConfig: Setting CVar [[r.RenderTargetPoolMin:350]]
[2019.12.19-23.11.11:637][  0]LogConfig: Setting CVar [[r.LensFlareQuality:0]]
[2019.12.19-23.11.11:637][  0]LogConfig: Setting CVar [[r.SceneColorFringeQuality:0]]
[2019.12.19-23.11.11:637][  0]LogConfig: Setting CVar [[r.EyeAdaptationQuality:0]]
[2019.12.19-23.11.11:637][  0]LogConfig: Setting CVar [[r.BloomQuality:4]]
[2019.12.19-23.11.11:637][  0]LogConfig: Setting CVar [[r.FastBlurThreshold:2]]
[2019.12.19-23.11.11:637][  0]LogConfig: Setting CVar [[r.Upscale.Quality:2]]
[2019.12.19-23.11.11:637][  0]LogConfig: Setting CVar [[r.Tonemapper.GrainQuantization:0]]
[2019.12.19-23.11.11:637][  0]LogConfig: Setting CVar [[r.LightShaftQuality:0]]
[2019.12.19-23.11.11:637][  0]LogConfig: Setting CVar [[r.Filter.SizeScale:0.7]]
[2019.12.19-23.11.11:637][  0]LogConfig: Setting CVar [[r.Tonemapper.Quality:2]]
[2019.12.19-23.11.11:637][  0]LogConfig: Setting CVar [[r.DOF.Gather.AccumulatorQuality:0        ; lower gathering accumulator quality]]
[2019.12.19-23.11.11:637][  0]LogConfig: Setting CVar [[r.DOF.Gather.PostfilterMethod:2          ; Max3x3 postfilering method]]
[2019.12.19-23.11.11:637][  0]LogConfig: Setting CVar [[r.DOF.Gather.EnableBokehSettings:0       ; no bokeh simulation when gathering]]
[2019.12.19-23.11.11:637][  0]LogConfig: Setting CVar [[r.DOF.Gather.RingCount:3                 ; low number of samples when gathering]]
[2019.12.19-23.11.11:637][  0]LogConfig: Setting CVar [[r.DOF.Scatter.ForegroundCompositing:0    ; no foreground scattering]]
[2019.12.19-23.11.11:637][  0]LogConfig: Setting CVar [[r.DOF.Scatter.BackgroundCompositing:0    ; no foreground scattering]]
[2019.12.19-23.11.11:637][  0]LogConfig: Setting CVar [[r.DOF.Recombine.Quality:0                ; no slight out of focus]]
[2019.12.19-23.11.11:637][  0]LogConfig: Setting CVar [[r.DOF.TemporalAAQuality:0                ; faster temporal accumulation]]
[2019.12.19-23.11.11:637][  0]LogConfig: Setting CVar [[r.DOF.Kernel.MaxForegroundRadius:0.006   ; required because low gathering and no scattering and not looking great at 1080p]]
[2019.12.19-23.11.11:637][  0]LogConfig: Setting CVar [[r.DOF.Kernel.MaxBackgroundRadius:0.006   ; required because low gathering and no scattering and not looking great at 1080p]]
[2019.12.19-23.11.11:637][  0]LogConfig: Applying CVar settings from Section [TextureQuality@1] File [C:/Users/NateH/Documents/Repos/FightyTanks/UE_FightyTanks/Saved/Config/Windows/Scalability.ini]
[2019.12.19-23.11.11:637][  0]LogConfig: Setting CVar [[r.Streaming.MipBias:1]]
[2019.12.19-23.11.11:637][  0]LogConfig: Setting CVar [[r.Streaming.AmortizeCPUToGPUCopy:0]]
[2019.12.19-23.11.11:637][  0]LogConfig: Setting CVar [[r.Streaming.MaxNumTexturesToStreamPerFrame:0]]
[2019.12.19-23.11.11:637][  0]LogConfig: Setting CVar [[r.Streaming.Boost:1]]
[2019.12.19-23.11.11:637][  0]LogConfig: Setting CVar [[r.MaxAnisotropy:2]]
[2019.12.19-23.11.11:637][  0]LogConfig: Setting CVar [[r.Streaming.LimitPoolSizeToVRAM:1]]
[2019.12.19-23.11.11:637][  0]LogConfig: Setting CVar [[r.Streaming.PoolSize:600]]
[2019.12.19-23.11.11:637][  0]LogConfig: Setting CVar [[r.Streaming.MaxEffectiveScreenSize:0]]
[2019.12.19-23.11.11:637][  0]LogConfig: Applying CVar settings from Section [EffectsQuality@1] File [C:/Users/NateH/Documents/Repos/FightyTanks/UE_FightyTanks/Saved/Config/Windows/Scalability.ini]
[2019.12.19-23.11.11:637][  0]LogConfig: Setting CVar [[r.TranslucencyLightingVolumeDim:32]]
[2019.12.19-23.11.11:637][  0]LogConfig: Setting CVar [[r.RefractionQuality:0]]
[2019.12.19-23.11.11:637][  0]LogConfig: Setting CVar [[r.SSR.Quality:0]]
[2019.12.19-23.11.11:637][  0]LogConfig: Setting CVar [[r.SceneColorFormat:3]]
[2019.12.19-23.11.11:637][  0]LogConfig: Setting CVar [[r.DetailMode:1]]
[2019.12.19-23.11.11:637][  0]LogConfig: Setting CVar [[r.TranslucencyVolumeBlur:0]]
[2019.12.19-23.11.11:637][  0]LogConfig: Setting CVar [[r.MaterialQualityLevel:2 ; Medium quality]]
[2019.12.19-23.11.11:637][  0]LogConfig: Setting CVar [[r.SSS.Scale:0.75]]
[2019.12.19-23.11.11:637][  0]LogConfig: Setting CVar [[r.SSS.SampleSet:0]]
[2019.12.19-23.11.11:637][  0]LogConfig: Setting CVar [[r.SSS.Quality:0]]
[2019.12.19-23.11.11:637][  0]LogConfig: Setting CVar [[r.SSS.HalfRes:1]]
[2019.12.19-23.11.11:637][  0]LogConfig: Setting CVar [[r.EmitterSpawnRateScale:0.25]]
[2019.12.19-23.11.11:637][  0]LogConfig: Setting CVar [[r.ParticleLightQuality:0]]
[2019.12.19-23.11.11:637][  0]LogConfig: Applying CVar settings from Section [FoliageQuality@1] File [C:/Users/NateH/Documents/Repos/FightyTanks/UE_FightyTanks/Saved/Config/Windows/Scalability.ini]
[2019.12.19-23.11.11:637][  0]LogConfig: Setting CVar [[foliage.DensityScale:0.4]]
[2019.12.19-23.11.11:637][  0]LogConfig: Setting CVar [[grass.DensityScale:0.4]]
[2019.12.19-23.11.11:637][  0]LogConfig: Applying CVar settings from Section [Startup] File [../../../Engine/Config/ConsoleVariables.ini]
[2019.12.19-23.11.11:670][  0]LogConfig: Setting CVar [[net.UseAdaptiveNetUpdateFrequency:0]]
[2019.12.19-23.11.11:670][  0]LogConfig: Setting CVar [[p.chaos.AllowCreatePhysxBodies:1]]
[2019.12.19-23.11.11:670][  0]LogConfig: Applying CVar settings from Section [ConsoleVariables] File [C:/Users/NateH/Documents/Repos/FightyTanks/UE_FightyTanks/Saved/Config/Windows/Engine.ini]
[2019.12.19-23.11.11:756][  0]LogInit: Computer: LAPTOP-7KROP7T5
[2019.12.19-23.11.11:756][  0]LogInit: User: NateH
[2019.12.19-23.11.11:756][  0]LogInit: CPU Page size=4096, Cores=4
[2019.12.19-23.11.11:756][  0]LogInit: High frequency timer resolution =10.000000 MHz
[2019.12.19-23.11.11:766][  0]LogMemory: Memory total: Physical=11.9GB (12GB approx)
[2019.12.19-23.11.11:766][  0]LogMemory: Platform Memory Stats for Windows
[2019.12.19-23.11.11:766][  0]LogMemory: Process Physical Memory: 96.23 MB used, 96.24 MB peak
[2019.12.19-23.11.11:766][  0]LogMemory: Process Virtual Memory: 90.54 MB used, 90.54 MB peak
[2019.12.19-23.11.11:766][  0]LogMemory: Physical Memory: 5455.32 MB used,  6717.90 MB free, 12173.22 MB total
[2019.12.19-23.11.11:766][  0]LogMemory: Virtual Memory: 4643.82 MB used,  134213088.00 MB free, 134217728.00 MB total
[2019.12.19-23.11.13:064][  0]LogInit: Using OS detected language (en-US).
[2019.12.19-23.11.13:064][  0]LogInit: Using OS detected locale (en-US).
[2019.12.19-23.11.13:067][  0]LogTextLocalizationManager: No specific localization for 'en-US' exists, so the 'en' localization will be used.
[2019.12.19-23.11.13:905][  0]LogInit: Setting process to per monitor DPI aware
[2019.12.19-23.11.14:602][  0]LogSlate: New Slate User Created.  User Index 0, Is Virtual User: 0
[2019.12.19-23.11.14:602][  0]LogSlate: Slate User Registered.  User Index 0, Is Virtual User: 0
[2019.12.19-23.11.23:348][  0]LogHMD: Failed to initialize OpenVR with code 110
[2019.12.19-23.11.23:348][  0]LogD3D11RHI: D3D11 adapters:
[2019.12.19-23.11.24:898][  0]LogD3D11RHI:    0. 'NVIDIA GeForce GTX 1050' (Feature Level 11_0)
[2019.12.19-23.11.24:898][  0]LogD3D11RHI:       4019/0/6086 MB DedicatedVideo/DedicatedSystem/SharedSystem, Outputs:1, VendorId:0x10de
[2019.12.19-23.11.25:403][  0]LogD3D11RHI:    1. 'Intel(R) HD Graphics 630' (Feature Level 11_0)
[2019.12.19-23.11.25:403][  0]LogD3D11RHI:       128/0/6086 MB DedicatedVideo/DedicatedSystem/SharedSystem, Outputs:1, VendorId:0x8086
[2019.12.19-23.11.25:435][  0]LogD3D11RHI:    2. 'Microsoft Basic Render Driver' (Feature Level 11_0)
[2019.12.19-23.11.25:435][  0]LogD3D11RHI:       0/0/6086 MB DedicatedVideo/DedicatedSystem/SharedSystem, Outputs:0, VendorId:0x1414
[2019.12.19-23.11.25:435][  0]LogD3D11RHI: Chosen D3D11 Adapter: 0
[2019.12.19-23.11.25:461][  0]LogD3D11RHI: Creating new Direct3DDevice
[2019.12.19-23.11.25:461][  0]LogD3D11RHI:     GPU DeviceId: 0x1c8d (for the marketing name, search the web for "GPU Device Id")
[2019.12.19-23.11.25:466][  0]LogWindows: EnumDisplayDevices:
[2019.12.19-23.11.25:466][  0]LogWindows:    0. 'Intel(R) HD Graphics 630' (P:0 D:1)
[2019.12.19-23.11.25:467][  0]LogWindows:    1. 'Intel(R) HD Graphics 630' (P:0 D:0)
[2019.12.19-23.11.25:467][  0]LogWindows:    2. 'Intel(R) HD Graphics 630' (P:0 D:0)
[2019.12.19-23.11.25:467][  0]LogWindows:    3. 'NVIDIA GeForce GTX 1050' (P:1 D:1)
[2019.12.19-23.11.25:467][  0]LogWindows: DebugString: PrimaryIsNotTheChoosenAdapter PrimaryIsNotTheChoosenAdapter PrimaryIsNotTheChoosenAdapter 
[2019.12.19-23.11.25:468][  0]LogD3D11RHI:     Adapter Name: NVIDIA GeForce GTX 1050
[2019.12.19-23.11.25:471][  0]LogD3D11RHI:   Driver Version: 425.31 (internal:25.21.14.2531, unified:425.31)
[2019.12.19-23.11.25:471][  0]LogD3D11RHI:      Driver Date: 4-9-2019
[2019.12.19-23.11.25:471][  0]LogRHI: Texture pool is 2813 MB (70% of 4019 MB)
[2019.12.19-23.11.25:625][  0]LogD3D11RHI: Async texture creation enabled
[2019.12.19-23.11.26:158][  0]LogRendererCore: FGlobalReadBuffer::InitRHI
[2019.12.19-23.11.26:179][  0]LogRendererCore: FGlobalReadBuffer::InitRHI
[2019.12.19-23.11.26:179][  0]LogRendererCore: FGlobalReadBuffer::InitRHI
[2019.12.19-23.11.26:236][  0]LogD3D11RHI: GPU Timing Frequency: 1000.000000 (Debug: 2 1)
[2019.12.19-23.11.28:385][  0]LogTemp: Display: Module 'AllDesktopTargetPlatform' loaded TargetPlatform 'AllDesktop'
[2019.12.19-23.11.28:417][  0]LogTemp: Display: Module 'MacClientTargetPlatform' loaded TargetPlatform 'MacClient'
[2019.12.19-23.11.28:460][  0]LogTemp: Display: Module 'MacNoEditorTargetPlatform' loaded TargetPlatform 'MacNoEditor'
[2019.12.19-23.11.28:508][  0]LogTemp: Display: Module 'MacServerTargetPlatform' loaded TargetPlatform 'MacServer'
[2019.12.19-23.11.28:576][  0]LogTemp: Display: Module 'MacTargetPlatform' loaded TargetPlatform 'Mac'
[2019.12.19-23.11.28:652][  0]LogTemp: Display: Module 'WindowsClientTargetPlatform' loaded TargetPlatform 'WindowsClient'
[2019.12.19-23.11.28:688][  0]LogTemp: Display: Module 'WindowsNoEditorTargetPlatform' loaded TargetPlatform 'WindowsNoEditor'
[2019.12.19-23.11.28:721][  0]LogTemp: Display: Module 'WindowsServerTargetPlatform' loaded TargetPlatform 'WindowsServer'
[2019.12.19-23.11.28:735][  0]LogTemp: Display: Module 'WindowsTargetPlatform' loaded TargetPlatform 'Windows'
[2019.12.19-23.11.28:955][  0]LogTemp: Display: Module 'AndroidTargetPlatform' loaded TargetPlatform 'Android'
[2019.12.19-23.11.28:955][  0]LogTemp: Display: Module 'AndroidTargetPlatform' loaded TargetPlatform 'Android_ASTC'
[2019.12.19-23.11.28:955][  0]LogTemp: Display: Module 'AndroidTargetPlatform' loaded TargetPlatform 'Android_ATC'
[2019.12.19-23.11.28:955][  0]LogTemp: Display: Module 'AndroidTargetPlatform' loaded TargetPlatform 'Android_DXT'
[2019.12.19-23.11.28:955][  0]LogTemp: Display: Module 'AndroidTargetPlatform' loaded TargetPlatform 'Android_ETC1'
[2019.12.19-23.11.28:955][  0]LogTemp: Display: Module 'AndroidTargetPlatform' loaded TargetPlatform 'Android_ETC1a'
[2019.12.19-23.11.28:955][  0]LogTemp: Display: Module 'AndroidTargetPlatform' loaded TargetPlatform 'Android_ETC2'
[2019.12.19-23.11.28:955][  0]LogTemp: Display: Module 'AndroidTargetPlatform' loaded TargetPlatform 'Android_PVRTC'
[2019.12.19-23.11.28:955][  0]LogTemp: Display: Module 'AndroidTargetPlatform' loaded TargetPlatform 'AndroidClient'
[2019.12.19-23.11.28:955][  0]LogTemp: Display: Module 'AndroidTargetPlatform' loaded TargetPlatform 'Android_ASTCClient'
[2019.12.19-23.11.28:955][  0]LogTemp: Display: Module 'AndroidTargetPlatform' loaded TargetPlatform 'Android_ATCClient'
[2019.12.19-23.11.28:955][  0]LogTemp: Display: Module 'AndroidTargetPlatform' loaded TargetPlatform 'Android_DXTClient'
[2019.12.19-23.11.28:955][  0]LogTemp: Display: Module 'AndroidTargetPlatform' loaded TargetPlatform 'Android_ETC1Client'
[2019.12.19-23.11.28:955][  0]LogTemp: Display: Module 'AndroidTargetPlatform' loaded TargetPlatform 'Android_ETC1aClient'
[2019.12.19-23.11.28:955][  0]LogTemp: Display: Module 'AndroidTargetPlatform' loaded TargetPlatform 'Android_ETC2Client'
[2019.12.19-23.11.28:955][  0]LogTemp: Display: Module 'AndroidTargetPlatform' loaded TargetPlatform 'Android_PVRTCClient'
[2019.12.19-23.11.28:955][  0]LogTemp: Display: Module 'AndroidTargetPlatform' loaded TargetPlatform 'Android_Multi'
[2019.12.19-23.11.28:955][  0]LogTemp: Display: Module 'AndroidTargetPlatform' loaded TargetPlatform 'Android_MultiClient'
[2019.12.19-23.11.28:967][  0]LogTemp: Display: Module 'HTML5TargetPlatform' loaded TargetPlatform 'HTML5'
[2019.12.19-23.11.29:133][  0]LogTemp: Display: Module 'IOSTargetPlatform' loaded TargetPlatform 'IOSClient'
[2019.12.19-23.11.29:133][  0]LogTemp: Display: Module 'IOSTargetPlatform' loaded TargetPlatform 'IOS'
[2019.12.19-23.11.29:188][  0]LogTemp: Display: Module 'TVOSTargetPlatform' loaded TargetPlatform 'TVOSClient'
[2019.12.19-23.11.29:188][  0]LogTemp: Display: Module 'TVOSTargetPlatform' loaded TargetPlatform 'TVOS'
[2019.12.19-23.11.29:223][  0]LogTemp: Display: Module 'LinuxClientTargetPlatform' loaded TargetPlatform 'LinuxClient'
[2019.12.19-23.11.29:268][  0]LogTemp: Display: Module 'LinuxNoEditorTargetPlatform' loaded TargetPlatform 'LinuxNoEditor'
[2019.12.19-23.11.29:290][  0]LogTemp: Display: Module 'LinuxServerTargetPlatform' loaded TargetPlatform 'LinuxServer'
[2019.12.19-23.11.29:386][  0]LogTemp: Display: Module 'LinuxTargetPlatform' loaded TargetPlatform 'Linux'
[2019.12.19-23.11.29:462][  0]LogTemp: Display: Module 'LuminTargetPlatform' loaded TargetPlatform 'Lumin'
[2019.12.19-23.11.29:462][  0]LogTemp: Display: Module 'LuminTargetPlatform' loaded TargetPlatform 'LuminClient'
[2019.12.19-23.11.29:462][  0]LogTargetPlatformManager: Display: Building Assets For Windows
[2019.12.19-23.11.29:943][  0]LogAudioDebug: Display: Lib vorbis DLL was dynamically loaded.
[2019.12.19-23.11.32:265][  0]LogShaderCompilers: Guid format shader working directory is -26 characters bigger than the processId version (../../../../../../Users/NateH/Documents/Repos/FightyTanks/UE_FightyTanks/Intermediate/Shaders/WorkingDirectory/4360/).
[2019.12.19-23.11.32:265][  0]LogShaderCompilers: Cleaned the shader compiler working directory 'C:/Users/NateH/AppData/Local/Temp/UnrealShaderWorkingDir/E2A6AF7943134F6057E984B518AA96BC/'.
[2019.12.19-23.11.32:293][  0]LogXGEController: Cleaning working directory: C:/Users/NateH/AppData/Local/Temp/UnrealXGEWorkingDir/
[2019.12.19-23.11.32:294][  0]LogXGEController: Cannot use XGE Controller as Incredibuild is not installed on this machine.
[2019.12.19-23.11.32:327][  0]LogShaderCompilers: Cannot use XGE Shader Compiler as Incredibuild is not installed on this machine.
[2019.12.19-23.11.32:327][  0]LogShaderCompilers: Display: Using Local Shader Compiler.
[2019.12.19-23.11.43:273][  0]LogDerivedDataCache: Display: Max Cache Size: 512 MB
[2019.12.19-23.11.44:142][  0]LogDerivedDataCache: Loaded boot cache 0.85s 71MB C:/Users/NateH/AppData/Local/UnrealEngine/4.22/DerivedDataCache/Boot.ddc.
[2019.12.19-23.11.44:142][  0]LogDerivedDataCache: Display: Loaded Boot cache: C:/Users/NateH/AppData/Local/UnrealEngine/4.22/DerivedDataCache/Boot.ddc
[2019.12.19-23.11.44:142][  0]LogDerivedDataCache: FDerivedDataBackendGraph:  Pak pak cache file ../../../../../../Users/NateH/Documents/Repos/FightyTanks/UE_FightyTanks/DerivedDataCache/DDC.ddp not found, will not use a pak cache.
[2019.12.19-23.11.44:142][  0]LogDerivedDataCache: Unable to find inner node Pak for hierarchical cache Hierarchy.
[2019.12.19-23.11.44:142][  0]LogDerivedDataCache: FDerivedDataBackendGraph:  CompressedPak pak cache file ../../../../../../Users/NateH/Documents/Repos/FightyTanks/UE_FightyTanks/DerivedDataCache/Compressed.ddp not found, will not use a pak cache.
[2019.12.19-23.11.44:142][  0]LogDerivedDataCache: Unable to find inner node CompressedPak for hierarchical cache Hierarchy.
[2019.12.19-23.11.44:255][  0]LogDerivedDataCache: Display: Pak cache opened for reading ../../../Engine/DerivedDataCache/Compressed.ddp.
[2019.12.19-23.11.44:255][  0]LogDerivedDataCache: FDerivedDataBackendGraph:  EnterprisePak pak cache file ../../../Enterprise/DerivedDataCache/Compressed.ddp not found, will not use a pak cache.
[2019.12.19-23.11.44:255][  0]LogDerivedDataCache: Unable to find inner node EnterprisePak for hierarchical cache Hierarchy.
[2019.12.19-23.11.44:281][  0]LogDerivedDataCache: Using Local data cache path C:/Users/NateH/AppData/Local/UnrealEngine/Common/DerivedDataCache: Writable
[2019.12.19-23.11.44:281][  0]LogDerivedDataCache: Shared data cache path not found in *engine.ini, will not use an Shared cache.
[2019.12.19-23.11.44:281][  0]LogDerivedDataCache: Unable to find inner node Shared for hierarchical cache Hierarchy.
[2019.12.19-23.11.44:519][  0]LogMaterial: Verifying Global Shaders for PCD3D_SM5
[2019.12.19-23.11.44:585][  0]LogSlate: Using FreeType 2.6.0
[2019.12.19-23.11.44:736][  0]LogSlate: SlateFontServices - WITH_FREETYPE: 1, WITH_HARFBUZZ: 1
[2019.12.19-23.11.46:944][  0]LogAssetRegistry: FAssetRegistry took 0.0381 seconds to start up
[2019.12.19-23.11.52:935][  0]LogInit: Selected Device Profile: [Windows]
[2019.12.19-23.11.54:822][  0]LogMaterial: Display: Missing cached shader map for material MatineeCam_mat, compiling. 
[2019.12.19-23.11.56:736][  0]LogMeshReduction: Using QuadricMeshReduction for automatic static mesh reduction
[2019.12.19-23.11.56:736][  0]LogMeshReduction: Using SimplygonMeshReduction for automatic skeletal mesh reduction
[2019.12.19-23.11.56:736][  0]LogMeshReduction: Using ProxyLODMeshReduction for automatic mesh merging
[2019.12.19-23.11.56:736][  0]LogMeshReduction: No distributed automatic mesh merging module available
[2019.12.19-23.11.56:736][  0]LogMeshMerging: No distributed automatic mesh merging module available
[2019.12.19-23.11.57:476][  0]LogNetVersion: UE_FightyTanks 1.0.0, NetCL: 5660361, EngineNetVer: 10, GameNetVer: 0 (Checksum: 1742080780)
[2019.12.19-23.12.01:679][  0]LogMaterial: Display: Missing cached shader map for material Widget3DPassThrough, compiling. 
[2019.12.19-23.12.01:815][  0]LogMaterial: Display: Missing cached shader map for material Widget3DPassThrough, compiling. 
[2019.12.19-23.12.01:928][  0]LogShaderCompilers: Display: Shaders left to compile 10
[2019.12.19-23.12.01:928][  0]LogMaterial: Display: Missing cached shader map for material Widget3DPassThrough, compiling. 
[2019.12.19-23.12.02:066][  0]LogMaterial: Display: Missing cached shader map for material Widget3DPassThrough, compiling. 
[2019.12.19-23.12.02:535][  0]LogMaterial: Display: Missing cached shader map for material Widget3DPassThrough, compiling. 
[2019.12.19-23.12.08:334][  0]LogPackageLocalizationCache: Processed 10 localized package path(s) for 1 prioritized culture(s) in 0.136149 seconds
[2019.12.19-23.12.08:384][  0]LogUObjectArray: 42205 objects as part of root set at end of initial load.
[2019.12.19-23.12.08:384][  0]LogUObjectAllocator: 7325032 out of 0 bytes used by permanent object pool.
[2019.12.19-23.12.08:384][  0]LogUObjectArray: CloseDisregardForGC: 0/0 objects in disregard for GC pool
[2019.12.19-23.12.34:286][  0]LogMaterial: Display: Missing cached shader map for material DefaultSpriteMaterial, compiling. 
[2019.12.19-23.12.34:806][  0]LogShaderCompilers: Display: Shaders left to compile 10
[2019.12.19-23.12.39:068][  0]LogTcpMessaging: Initializing TcpMessaging bridge
[2019.12.19-23.12.39:105][  0]LogUdpMessaging: Initializing bridge on interface 0.0.0.0:0 to multicast group 230.0.0.1:6666.
[2019.12.19-23.12.39:959][  0]SourceControl: Source control is disabled
[2019.12.19-23.12.39:971][  0]SourceControl: Source control is disabled
[2019.12.19-23.12.40:177][  0]SourceControl: Source control is disabled
[2019.12.19-23.12.40:194][  0]SourceControl: Source control is disabled
[2019.12.19-23.12.41:527][  0]LogAndroidPermission: UAndroidPermissionCallbackProxy::GetInstance
[2019.12.19-23.12.42:300][  0]LogOcInput: OculusInput pre-init called
[2019.12.19-23.12.45:881][  0]LogEngine: Initializing Engine...
[2019.12.19-23.12.45:977][  0]LogHMD: Failed to initialize OpenVR with code 110
[2019.12.19-23.12.45:997][  0]LogStats: UGameplayTagsManager::InitializeManager -  0.003 s
[2019.12.19-23.12.46:285][  0]LogMaterial: Display: Missing cached shader map for material LevelColorationLitMaterial, compiling. Is special engine material.
[2019.12.19-23.12.47:393][  0]LogMaterial: Display: Missing cached shader map for material MAT_LevelColorationLitLightmapUV, compiling. Is special engine material.
[2019.12.19-23.12.47:958][  0]LogMaterial: Display: Missing cached shader map for material ShadedLevelColorationLitMaterial, compiling. Is special engine material.
[2019.12.19-23.12.48:494][  0]LogMaterial: Display: Missing cached shader map for material ShadedLevelColorationUnlitMateri, compiling. Is special engine material.
[2019.12.19-23.12.48:747][  0]LogMaterial: Display: Missing cached shader map for material VertexColorMaterial, compiling. 
[2019.12.19-23.12.48:917][  0]LogMaterial: Display: Missing cached shader map for material VertexColorViewMode_ColorOnly, compiling. 
[2019.12.19-23.12.49:005][  0]LogMaterial: Display: Missing cached shader map for material VertexColorViewMode_AlphaAsColor, compiling. 
[2019.12.19-23.12.49:143][  0]LogMaterial: Display: Missing cached shader map for material VertexColorViewMode_RedOnly, compiling. 
[2019.12.19-23.12.49:282][  0]LogMaterial: Display: Missing cached shader map for material VertexColorViewMode_GreenOnly, compiling. 
[2019.12.19-23.12.49:428][  0]LogMaterial: Display: Missing cached shader map for material VertexColorViewMode_BlueOnly, compiling. 
[2019.12.19-23.12.49:577][  0]LogMaterial: Display: Missing cached shader map for material RemoveSurfaceMaterial, compiling. 
[2019.12.19-23.12.49:716][  0]LogMaterial: Display: Missing cached shader map for material DebugMeshMaterial, compiling. 
[2019.12.19-23.12.49:863][  0]LogMaterial: Display: Missing cached shader map for material M_InvalidLightmapSettings, compiling. 
[2019.12.19-23.12.49:984][  0]LogMaterial: Display: Missing cached shader map for material GizmoMaterial, compiling. 
[2019.12.19-23.12.50:184][  0]LogMaterial: Display: Missing cached shader map for material PhAT_JointLimitMaterial, compiling. 
[2019.12.19-23.12.50:236][  0]LogMaterial: Display: Missing cached shader map for material GeomMaterial, compiling. 
[2019.12.19-23.12.50:297][  0]LogMaterial: Display: Missing cached shader map for material EditorBrushMaterial, compiling. 
[2019.12.19-23.12.50:396][  0]LogMaterial: Display: Missing cached shader map for material BoneWeightMaterial, compiling. 
[2019.12.19-23.12.50:540][  0]LogMaterial: Display: Missing cached shader map for material ClothMaterial, compiling. 
[2019.12.19-23.12.50:735][  0]LogMaterial: Display: Missing cached shader map for material ClothMaterial_WF, compiling. 
[2019.12.19-23.12.50:840][  0]LogMaterial: Display: Missing cached shader map for material DebugEditorMaterial, compiling. 
[2019.12.19-23.12.51:043][  0]LogMaterial: Display: Missing cached shader map for material PreviewShadowIndicatorMaterial, compiling. 
[2019.12.19-23.12.51:522][  0]LogInit: Initializing FReadOnlyCVARCache
[2019.12.19-23.12.52:872][  0]LogAIModule: Creating AISystem for world Untitled
[2019.12.19-23.12.53:388][  0]LogInit: XAudio2 using 'Speaker/Headphone (Realtek High Definition Audio)' : 2 channels at 48 kHz using 32 bits per sample (channel mask 0x3)
[2019.12.19-23.12.54:658][  0]LogInit: FAudioDevice initialized.
[2019.12.19-23.12.54:677][  0]LogNetVersion: Set ProjectVersion to 1.0.0.0. Version Checksum will be recalculated on next use.
[2019.12.19-23.12.55:254][  0]LogDerivedDataCache: Saved boot cache 0.58s 75MB C:/Users/NateH/AppData/Local/UnrealEngine/4.22/DerivedDataCache/Boot.ddc.
[2019.12.19-23.12.55:268][  0]LogInit: Texture streaming: Enabled
[2019.12.19-23.12.55:574][  0]LogEngineSessionManager: EngineSessionManager initialized
[2019.12.19-23.12.56:018][  0]LogInit: Transaction tracking system initialized
[2019.12.19-23.12.57:028][  0]BlueprintLog: New page: Editor Load
[2019.12.19-23.12.58:449][  0]LocalizationService: Localization service is disabled
[2019.12.19-23.13.05:161][  0]LogFileCache: Scanning file cache for directory 'C:/Users/NateH/Documents/Repos/FightyTanks/UE_FightyTanks/Content/' took 0.04s
[2019.12.19-23.13.05:162][  0]LogCook: Display: Max memory allowance for cook 16384mb min free memory 0mb
[2019.12.19-23.13.05:171][  0]LogCook: Display: Mobile HDR setting 1
[2019.12.19-23.13.09:230][  0]SourceControl: Source control is disabled
[2019.12.19-23.13.09:289][  0]Cmd: MAP LOAD FILE="../../../../../../Users/NateH/Documents/Repos/FightyTanks/UE_FightyTanks/Content/FightyTanks_BattleGround.umap" TEMPLATE=0 SHOWPROGRESS=1 FEATURELEVEL=3
[2019.12.19-23.13.09:307][  0]LightingResults: New page: Lighting Build
[2019.12.19-23.13.09:645][  0]MapCheck: New page: Map Check
[2019.12.19-23.13.09:645][  0]LightingResults: New page: Lighting Build
[2019.12.19-23.13.10:865][  0]LogUObjectHash: Compacting FUObjectHashTables data took  12.79ms
[2019.12.19-23.13.15:987][  0]LogAIModule: Creating AISystem for world FightyTanks_BattleGround
[2019.12.19-23.13.25:643][  0]LogEditorServer: Finished looking for orphan Actors (0.000 secs)
[2019.12.19-23.13.26:009][  0]LogUObjectHash: Compacting FUObjectHashTables data took   3.72ms
[2019.12.19-23.13.26:033][  0]Cmd: MAP CHECKDEP NOCLEARLOG
[2019.12.19-23.13.26:052][  0]MapCheck: Map check complete: 0 Error(s), 0 Warning(s), took 4.866ms to complete.
[2019.12.19-23.13.26:058][  0]LogFileHelpers: Loading map 'FightyTanks_BattleGround' took 16.799
[2019.12.19-23.13.28:633][  0]LogCollectionManager: Loaded 0 collections in 0.023310 seconds
[2019.12.19-23.13.28:896][  0]LogFileCache: Scanning file cache for directory 'C:/Users/NateH/Documents/Repos/FightyTanks/UE_FightyTanks/Saved/Collections/' took 0.01s
[2019.12.19-23.13.28:896][  0]LogFileCache: Scanning file cache for directory 'C:/Users/NateH/Documents/Repos/FightyTanks/UE_FightyTanks/Content/Developers/NateH/Collections/' took 0.01s
[2019.12.19-23.13.28:896][  0]LogFileCache: Scanning file cache for directory 'C:/Users/NateH/Documents/Repos/FightyTanks/UE_FightyTanks/Content/Collections/' took 0.01s
[2019.12.19-23.13.28:896][  0]LogCollectionManager: Rebuilt the GUID cache for 0 collections in 0.000001 seconds
[2019.12.19-23.13.28:951][  0]LogContentBrowser: Native class hierarchy populated in 0.0481 seconds. Added 2733 classes and 661 folders.
[2019.12.19-23.13.29:127][  0]LogContentBrowser: Native class hierarchy updated for 'WidgetCarousel' in 0.0007 seconds. Added 0 classes and 0 folders.
[2019.12.19-23.13.29:219][  0]LogPakFile: Registered encryption key '00000000000000000000000000000000': 0 pak files mounted, 0 remain pending
[2019.12.19-23.13.29:362][  0]LogPakFile: Registered encryption key '00000000000000000000000000000000': 0 pak files mounted, 0 remain pending
[2019.12.19-23.13.29:467][  0]LogPakFile: Registered encryption key '00000000000000000000000000000000': 0 pak files mounted, 0 remain pending
[2019.12.19-23.13.29:531][  0]LogPakFile: Registered encryption key '00000000000000000000000000000000': 0 pak files mounted, 0 remain pending
[2019.12.19-23.13.29:569][  0]LogPakFile: Registered encryption key '00000000000000000000000000000000': 0 pak files mounted, 0 remain pending
[2019.12.19-23.13.29:592][  0]LogPakFile: Registered encryption key '00000000000000000000000000000000': 0 pak files mounted, 0 remain pending
[2019.12.19-23.13.29:608][  0]LogPakFile: Registered encryption key '00000000000000000000000000000000': 0 pak files mounted, 0 remain pending
[2019.12.19-23.13.29:636][  0]LogPakFile: Registered encryption key '00000000000000000000000000000000': 0 pak files mounted, 0 remain pending
[2019.12.19-23.13.29:687][  0]LogPakFile: Registered encryption key '00000000000000000000000000000000': 0 pak files mounted, 0 remain pending
[2019.12.19-23.13.29:789][  0]LogPakFile: Registered encryption key '00000000000000000000000000000000': 0 pak files mounted, 0 remain pending
[2019.12.19-23.13.29:813][  0]LogPakFile: Registered encryption key '00000000000000000000000000000000': 0 pak files mounted, 0 remain pending
[2019.12.19-23.13.29:828][  0]LogPakFile: Registered encryption key '00000000000000000000000000000000': 0 pak files mounted, 0 remain pending
[2019.12.19-23.13.29:857][  0]LogPakFile: Registered encryption key '00000000000000000000000000000000': 0 pak files mounted, 0 remain pending
[2019.12.19-23.13.29:881][  0]LogPakFile: Registered encryption key '00000000000000000000000000000000': 0 pak files mounted, 0 remain pending
[2019.12.19-23.13.29:899][  0]LogPakFile: Registered encryption key '00000000000000000000000000000000': 0 pak files mounted, 0 remain pending
[2019.12.19-23.13.29:916][  0]LogPakFile: Registered encryption key '00000000000000000000000000000000': 0 pak files mounted, 0 remain pending
[2019.12.19-23.13.29:989][  0]LogPakFile: Registered encryption key '00000000000000000000000000000000': 0 pak files mounted, 0 remain pending
[2019.12.19-23.13.30:040][  0]LogPakFile: Registered encryption key '00000000000000000000000000000000': 0 pak files mounted, 0 remain pending
[2019.12.19-23.13.30:085][  0]LogPakFile: Registered encryption key '00000000000000000000000000000000': 0 pak files mounted, 0 remain pending
[2019.12.19-23.13.30:119][  0]LogPakFile: Registered encryption key '00000000000000000000000000000000': 0 pak files mounted, 0 remain pending
[2019.12.19-23.13.30:172][  0]LogPakFile: Registered encryption key '00000000000000000000000000000000': 0 pak files mounted, 0 remain pending
[2019.12.19-23.13.30:190][  0]LogPakFile: Registered encryption key '00000000000000000000000000000000': 0 pak files mounted, 0 remain pending
[2019.12.19-23.13.30:214][  0]LogPakFile: Registered encryption key '00000000000000000000000000000000': 0 pak files mounted, 0 remain pending
[2019.12.19-23.13.30:284][  0]LogPakFile: Registered encryption key '00000000000000000000000000000000': 0 pak files mounted, 0 remain pending
[2019.12.19-23.13.30:316][  0]LogPakFile: Registered encryption key '00000000000000000000000000000000': 0 pak files mounted, 0 remain pending
[2019.12.19-23.13.30:341][  0]LogPakFile: Registered encryption key '00000000000000000000000000000000': 0 pak files mounted, 0 remain pending
[2019.12.19-23.13.31:298][  0]LogContentBrowser: Native class hierarchy updated for 'AddContentDialog' in 0.0007 seconds. Added 0 classes and 0 folders.
[2019.12.19-23.13.31:723][  0]LogSlate: Updating window title bar state: overlay mode, drag disabled, window buttons hidden, title bar hidden
[2019.12.19-23.13.31:760][  0]LogSlate: Updating window title bar state: overlay mode, drag disabled, window buttons hidden, title bar hidden
[2019.12.19-23.13.31:780][  0]LogSlate: Updating window title bar state: overlay mode, drag disabled, window buttons hidden, title bar hidden
[2019.12.19-23.13.31:798][  0]LogSlate: Updating window title bar state: overlay mode, drag disabled, window buttons hidden, title bar hidden
[2019.12.19-23.13.32:296][  0]LogContentBrowser: Native class hierarchy updated for 'SceneOutliner' in 0.0007 seconds. Added 1 classes and 2 folders.
[2019.12.19-23.13.32:848][  0]LogSlate: Took 0.053807 seconds to synchronously load lazily loaded font '../../../Engine/Content/Slate/Fonts/Roboto-Regular.ttf' (155K)
[2019.12.19-23.13.32:898][  0]LogSlate: Took 0.022396 seconds to synchronously load lazily loaded font '../../../Engine/Content/Slate/Fonts/Roboto-Bold.ttf' (160K)
[2019.12.19-23.13.33:047][  0]LogSlate: Took 0.086544 seconds to synchronously load lazily loaded font '../../../Engine/Content/Editor/Slate/Fonts/FontAwesome.ttf' (139K)
[2019.12.19-23.13.33:101][  0]LogSlate: Took 0.053046 seconds to synchronously load lazily loaded font '../../../Engine/Content/Slate/Fonts/DroidSansMono.ttf' (77K)
[2019.12.19-23.13.34:268][  0]LogRenderer: Reallocating scene render targets to support 1036x656 Format 9 NumSamples 1 (Frame:1).
[2019.12.19-23.13.38:187][  0]LogContentBrowser: Native class hierarchy updated for 'HierarchicalLODOutliner' in 0.0009 seconds. Added 0 classes and 0 folders.
[2019.12.19-23.13.38:187][  0]LogLoad: (Engine Initialization) Total time: 161.19 seconds
[2019.12.19-23.13.38:188][  0]LogLoad: (Engine Initialization) Total Blueprint compile time: 0.00 seconds
[2019.12.19-23.13.39:297][  0]LogContentStreaming: Texture pool size now 600 MB
[2019.12.19-23.13.40:057][  3]LogAssetRegistry: Asset discovery search completed in 113.1359 seconds
[2019.12.19-23.13.40:116][  3]LogCollectionManager: Rebuilt the object cache for 0 collections in 0.000001 seconds (found 0 objects)
[2019.12.19-23.13.40:116][  3]LogCollectionManager: Fixed up redirectors for 0 collections in 0.038378 seconds (updated 0 objects)
[2019.12.19-23.14.00:935][956]LogEditorViewport: Clicking on Actor (LMB): AtmosphericFog (Atmospheric Fog)
[2019.12.19-23.14.20:478][ 44]LogSlate: FSceneViewport::OnFocusLost() reason 0
[2019.12.19-23.14.22:873][ 47]LogTexture: Display: Building textures: Texture2D_2 (G8, 128X128)
[2019.12.19-23.15.42:055][667]LogSlate: FSceneViewport::OnFocusLost() reason 0
[2019.12.19-23.16.07:882][ 17]LogEditorViewport: Clicking on Actor (context menu): BP_Sky_Sphere_C (BP_Sky_Sphere)
[2019.12.19-23.16.08:192][ 17]LogSlate: FSceneViewport::OnFocusLost() reason 2
[2019.12.19-23.16.08:209][ 17]LogEditorViewport: Clicking on Actor (context menu): BP_Sky_Sphere_C (BP_Sky_Sphere)
[2019.12.19-23.16.08:257][ 17]LogSlate: FSceneViewport::OnFocusLost() reason 2
[2019.12.19-23.16.19:417][654]Cmd: TRANSACTION UNDO
[2019.12.19-23.16.19:418][654]LogEditorTransaction: Undo Clicking on Actors (context menu)
[2019.12.19-23.16.19:534][654]LogSlate: Took 0.028746 seconds to synchronously load lazily loaded font '../../../Engine/Content/Slate/Fonts/Roboto-Light.ttf' (167K)
[2019.12.19-23.16.19:885][664]Cmd: TRANSACTION UNDO
[2019.12.19-23.16.19:885][664]LogEditorTransaction: Undo Clicking on Actors (context menu)
[2019.12.19-23.16.20:299][682]Cmd: TRANSACTION UNDO
[2019.12.19-23.16.20:300][682]LogEditorTransaction: Undo Landscape Editing: Sculpt
[2019.12.19-23.16.20:692][682]LogTexture: Display: Building textures: Texture2D_4 (BGRA8, 512X512)
[2019.12.19-23.16.20:752][682]LogTexture: Display: Building textures: Texture2D_8 (BGRA8, 512X512)
[2019.12.19-23.16.20:894][682]Cmd: TRANSACTION UNDO
[2019.12.19-23.16.20:895][682]LogEditorTransaction: Undo Landscape Editing: Sculpt
[2019.12.19-23.16.21:528][690]Cmd: TRANSACTION UNDO
[2019.12.19-23.16.21:528][690]LogEditorTransaction: Undo Edit Brush Size
[2019.12.19-23.16.25:624][875]Cmd: TRANSACTION UNDO
[2019.12.19-23.16.25:625][875]LogEditorTransaction: Undo Landscape Editing: Sculpt
[2019.12.19-23.16.28:139][985]LogSlate: FSceneViewport::OnFocusLost() reason 2
[2019.12.19-23.17.00:062][791]Cmd: TRANSACTION UNDO
[2019.12.19-23.17.00:062][791]LogEditorTransaction: Undo Landscape Editing: Sculpt
[2019.12.19-23.17.03:512][958]LogSlate: FSceneViewport::OnFocusLost() reason 0
[2019.12.19-23.17.14:916][532]Cmd: TRANSACTION UNDO
[2019.12.19-23.17.14:916][532]LogEditorTransaction: Undo Landscape Editing: Sculpt
[2019.12.19-23.17.16:992][621]LogSlate: FSceneViewport::OnFocusLost() reason 0
[2019.12.19-23.17.28:906][166]Cmd: TRANSACTION UNDO
[2019.12.19-23.17.28:907][166]LogEditorTransaction: Undo Landscape Editing: Sculpt
[2019.12.19-23.17.32:583][320]LogSlate: FSceneViewport::OnFocusLost() reason 0
[2019.12.19-23.20.05:072][533]LogSlate: FSceneViewport::OnFocusLost() reason 2
[2019.12.19-23.21.38:951][444]LogSlate: FSceneViewport::OnFocusLost() reason 0
[2019.12.19-23.21.39:075][451]LogTemp: Repeating last play command: Selected Viewport
[2019.12.19-23.21.39:128][451]LogBlueprintUserMessages: Early PlayInEditor Detection: Level '/Game/FightyTanks_BattleGround.FightyTanks_BattleGround:PersistentLevel' has LevelScriptBlueprint '/Game/FightyTanks_BattleGround.FightyTanks_BattleGround:PersistentLevel.FightyTanks_BattleGround' with GeneratedClass '/Game/FightyTanks_BattleGround.FightyTanks_BattleGround_C' with ClassGeneratedBy '/Game/FightyTanks_BattleGround.FightyTanks_BattleGround:PersistentLevel.FightyTanks_BattleGround'
[2019.12.19-23.21.39:139][451]LogPlayLevel: PlayLevel: No blueprints needed recompiling
[2019.12.19-23.21.39:187][451]PIE: New page: PIE session: FightyTanks_BattleGround (Dec 19, 2019, 1:21:39 PM)
[2019.12.19-23.21.39:363][451]LogPlayLevel: Creating play world package: /Game/UEDPIE_0_FightyTanks_BattleGround
[2019.12.19-23.21.39:758][451]LogPlayLevel: PIE: StaticDuplicateObject took: (0.394398s)
[2019.12.19-23.21.39:767][451]LogAIModule: Creating AISystem for world FightyTanks_BattleGround
[2019.12.19-23.21.39:784][451]LogPlayLevel: PIE: World Init took: (0.025478s)
[2019.12.19-23.21.39:784][451]LogPlayLevel: PIE: Created PIE world by copying editor world from /Game/FightyTanks_BattleGround.FightyTanks_BattleGround to /Game/UEDPIE_0_FightyTanks_BattleGround.FightyTanks_BattleGround (0.420891s)
[2019.12.19-23.21.39:827][451]LogUObjectHash: Compacting FUObjectHashTables data took   1.47ms
[2019.12.19-23.21.39:927][451]LogInit: XAudio2 using 'Speaker/Headphone (Realtek High Definition Audio)' : 2 channels at 48 kHz using 32 bits per sample (channel mask 0x3)
[2019.12.19-23.21.39:956][451]LogInit: FAudioDevice initialized.
[2019.12.19-23.21.40:071][451]LogUObjectGlobals: Warning: Failed to find object 'Class /Script/UE_FightyTanks.UE_FightyTanksGameMode'
[2019.12.19-23.21.40:072][451]LogLoad: Game class is 'GameModeBase'
[2019.12.19-23.21.40:251][451]LogWorld: Bringing World /Game/UEDPIE_0_FightyTanks_BattleGround.FightyTanks_BattleGround up for play (max tick rate 60) at 2019.12.19-18.21.40
[2019.12.19-23.21.40:275][451]LogWorld: Bringing up level for play took: 0.027323
[2019.12.19-23.21.40:506][451]LogContentBrowser: Native class hierarchy updated for 'MovieSceneCapture' in 0.0014 seconds. Added 20 classes and 0 folders.
[2019.12.19-23.21.40:733][451]PIE: Play in editor start time for /Game/UEDPIE_0_FightyTanks_BattleGround 1.363
[2019.12.19-23.21.40:733][451]LogBlueprintUserMessages: Late PlayInEditor Detection: Level '/Game/FightyTanks_BattleGround.FightyTanks_BattleGround:PersistentLevel' has LevelScriptBlueprint '/Game/FightyTanks_BattleGround.FightyTanks_BattleGround:PersistentLevel.FightyTanks_BattleGround' with GeneratedClass '/Game/FightyTanks_BattleGround.FightyTanks_BattleGround_C' with ClassGeneratedBy '/Game/FightyTanks_BattleGround.FightyTanks_BattleGround:PersistentLevel.FightyTanks_BattleGround'
[2019.12.19-23.21.52:968][150]LogBlueprintUserMessages: Early EndPlayMap Detection: Level '/Game/FightyTanks_BattleGround.FightyTanks_BattleGround:PersistentLevel' has LevelScriptBlueprint '/Game/FightyTanks_BattleGround.FightyTanks_BattleGround:PersistentLevel.FightyTanks_BattleGround' with GeneratedClass '/Game/FightyTanks_BattleGround.FightyTanks_BattleGround_C' with ClassGeneratedBy '/Game/FightyTanks_BattleGround.FightyTanks_BattleGround:PersistentLevel.FightyTanks_BattleGround'
[2019.12.19-23.21.52:996][150]LogSlate: Updating window title bar state: overlay mode, drag disabled, window buttons hidden, title bar hidden
[2019.12.19-23.21.53:150][150]LogPlayLevel: Display: Shutting down PIE online subsystems
[2019.12.19-23.21.53:150][150]LogBlueprintUserMessages: Late EndPlayMap Detection: Level '/Game/FightyTanks_BattleGround.FightyTanks_BattleGround:PersistentLevel' has LevelScriptBlueprint '/Game/FightyTanks_BattleGround.FightyTanks_BattleGround:PersistentLevel.FightyTanks_BattleGround' with GeneratedClass '/Game/FightyTanks_BattleGround.FightyTanks_BattleGround_C' with ClassGeneratedBy '/Game/FightyTanks_BattleGround.FightyTanks_BattleGround:PersistentLevel.FightyTanks_BattleGround'
[2019.12.19-23.21.53:272][150]LogSlate: Updating window title bar state: overlay mode, drag disabled, window buttons hidden, title bar hidden
[2019.12.19-23.21.53:391][150]LogUObjectHash: Compacting FUObjectHashTables data took   1.82ms
[2019.12.19-23.21.53:449][151]LogPlayLevel: Display: Destroying online subsystem :Context_1
[2019.12.19-23.22.14:845][288]LogSlate: FSceneViewport::OnFocusLost() reason 0
[2019.12.19-23.22.21:682][637]Cmd: TRANSACTION UNDO
[2019.12.19-23.22.21:682][637]LogEditorTransaction: Undo Landscape Editing: Noise
[2019.12.19-23.22.22:097][637]LogTexture: Display: Building textures: Texture2D_14 (BGRA8, 512X512)
[2019.12.19-23.22.22:221][637]LogTexture: Display: Building textures: Texture2D_13 (BGRA8, 512X512)
[2019.12.19-23.22.22:266][637]LogTexture: Display: Building textures: Texture2D_15 (BGRA8, 512X512)
[2019.12.19-23.23.10:184][709]Cmd: TRANSACTION UNDO
[2019.12.19-23.23.10:185][709]LogEditorTransaction: Undo Move Actors
[2019.12.19-23.23.10:444][722]Cmd: TRANSACTION UNDO
[2019.12.19-23.23.10:445][722]LogEditorTransaction: Undo Landscape Editing: Noise
[2019.12.19-23.23.10:722][722]LogTexture: Display: Building textures: Texture2D_15 (BGRA8, 512X512)
[2019.12.19-23.23.10:768][722]LogTexture: Display: Building textures: Texture2D_14 (BGRA8, 512X512)
[2019.12.19-23.23.10:880][726]Cmd: TRANSACTION UNDO
[2019.12.19-23.23.10:880][726]LogEditorTransaction: Undo Landscape Editing: Noise
[2019.12.19-23.23.11:016][726]LogTexture: Display: Building textures: Texture2D_15 (BGRA8, 512X512)
[2019.12.19-23.23.11:055][726]LogTexture: Display: Building textures: Texture2D_14 (BGRA8, 512X512)
[2019.12.19-23.23.11:452][748]Cmd: TRANSACTION UNDO
[2019.12.19-23.23.11:452][748]LogEditorTransaction: Undo Landscape Editing: Noise
[2019.12.19-23.23.11:630][748]LogTexture: Display: Building textures: Texture2D_15 (BGRA8, 512X512)
[2019.12.19-23.23.11:688][748]LogTexture: Display: Building textures: Texture2D_14 (BGRA8, 512X512)
[2019.12.19-23.23.12:065][769]Cmd: TRANSACTION UNDO
[2019.12.19-23.23.12:065][769]LogEditorTransaction: Undo Landscape Editing: Noise
[2019.12.19-23.23.12:207][769]LogTexture: Display: Building textures: Texture2D_15 (BGRA8, 512X512)
[2019.12.19-23.23.12:249][769]LogTexture: Display: Building textures: Texture2D_14 (BGRA8, 512X512)
[2019.12.19-23.23.12:813][801]Cmd: TRANSACTION UNDO
[2019.12.19-23.23.12:813][801]LogEditorTransaction: Undo Landscape Editing: Noise
[2019.12.19-23.23.12:989][801]LogTexture: Display: Building textures: Texture2D_11 (BGRA8, 512X512)
[2019.12.19-23.23.13:048][801]LogTexture: Display: Building textures: Texture2D_15 (BGRA8, 512X512)
[2019.12.19-23.23.13:142][801]LogTexture: Display: Building textures: Texture2D_14 (BGRA8, 512X512)
[2019.12.19-23.23.32:082][842]LogSlate: FSceneViewport::OnFocusLost() reason 2
[2019.12.19-23.23.32:343][856]LogSlate: FSceneViewport::OnFocusLost() reason 2
[2019.12.19-23.23.32:403][858]LogSlate: FSceneViewport::OnFocusLost() reason 2
[2019.12.19-23.23.32:737][877]LogSlate: FSceneViewport::OnFocusLost() reason 2
[2019.12.19-23.23.32:865][884]LogSlate: FSceneViewport::OnFocusLost() reason 2
[2019.12.19-23.23.34:462][970]LogUObjectHash: Compacting FUObjectHashTables data took   1.77ms
[2019.12.19-23.23.34:522][970]LogSlate: FSceneViewport::OnFocusLost() reason 2
[2019.12.19-23.23.34:664][970]LogUObjectHash: Compacting FUObjectHashTables data took   0.82ms
[2019.12.19-23.23.34:795][970]LogTexture: Display: Building textures: Texture2D_0 (BGRA8, 512X512)
[2019.12.19-23.23.34:837][970]LogTexture: Display: Building textures: Texture2D_1 (BGRA8, 512X512)
[2019.12.19-23.23.34:844][970]LogTexture: Display: Building textures: Texture2D_10 (BGRA8, 512X512)
[2019.12.19-23.23.34:889][970]LogTexture: Display: Building textures: Texture2D_11 (BGRA8, 512X512)
[2019.12.19-23.23.34:921][970]LogTexture: Display: Building textures: Texture2D_12 (BGRA8, 512X512)
[2019.12.19-23.23.34:977][970]LogTexture: Display: Building textures: Texture2D_13 (BGRA8, 512X512)
[2019.12.19-23.23.34:993][970]LogTexture: Display: Building textures: Texture2D_14 (BGRA8, 512X512)
[2019.12.19-23.23.35:046][970]LogTexture: Display: Building textures: Texture2D_15 (BGRA8, 512X512)
[2019.12.19-23.23.35:064][970]LogTexture: Display: Building textures: Texture2D_2 (BGRA8, 512X512)
[2019.12.19-23.23.35:084][970]LogTexture: Display: Building textures: Texture2D_3 (BGRA8, 512X512)
[2019.12.19-23.23.35:098][970]LogTexture: Display: Building textures: Texture2D_4 (BGRA8, 512X512)
[2019.12.19-23.23.35:113][970]LogTexture: Display: Building textures: Texture2D_5 (BGRA8, 512X512)
[2019.12.19-23.23.35:192][970]LogTexture: Display: Building textures: Texture2D_6 (BGRA8, 512X512)
[2019.12.19-23.23.35:214][970]LogTexture: Display: Building textures: Texture2D_7 (BGRA8, 512X512)
[2019.12.19-23.23.35:225][970]LogTexture: Display: Building textures: Texture2D_8 (BGRA8, 512X512)
[2019.12.19-23.23.35:246][970]LogTexture: Display: Building textures: Texture2D_9 (BGRA8, 512X512)
[2019.12.19-23.23.37:678][970]LogSavePackage: Moving '../../../../../../Users/NateH/Documents/Repos/FightyTanks/UE_FightyTanks/Saved/FightyTanks_BattleGround400CA33548E6D4A57A62E096E3ECF12E.tmp' to '../../../../../../Users/NateH/Documents/Repos/FightyTanks/UE_FightyTanks/Content/FightyTanks_BattleGround.umap'
[2019.12.19-23.23.37:772][970]LogFileHelpers: Saving map 'FightyTanks_BattleGround' took 3.226
[2019.12.19-23.23.46:563][487]LogSlate: FSceneViewport::OnFocusLost() reason 0
[2019.12.19-23.24.07:290][615]LogSlate: FSceneViewport::OnFocusLost() reason 2
[2019.12.19-23.24.07:613][634]LogSlate: FSceneViewport::OnFocusLost() reason 2
[2019.12.19-23.24.08:192][668]LogSlate: FSceneViewport::OnFocusLost() reason 2
[2019.12.19-23.24.09:233][725]LogUObjectHash: Compacting FUObjectHashTables data took   2.10ms
[2019.12.19-23.24.10:503][801]LogSlate: FSceneViewport::OnFocusLost() reason 0
